[debug] [2021-04-15T08:58:15.483Z] ----------------------------------------------------------------------
[debug] [2021-04-15T08:58:15.485Z] Command:       C:\Program Files\nodejs\node.exe C:\Users\USER\AppData\Roaming\npm\node_modules\firebase-tools\lib\bin\firebase.js init
[debug] [2021-04-15T08:58:15.485Z] CLI Version:   9.10.0
[debug] [2021-04-15T08:58:15.485Z] Platform:      win32
[debug] [2021-04-15T08:58:15.485Z] Node Version:  v14.16.0
[debug] [2021-04-15T08:58:15.486Z] Time:          Thu Apr 15 2021 14:58:15 GMT+0600 (Bangladesh Standard Time)
[debug] [2021-04-15T08:58:15.486Z] ----------------------------------------------------------------------
[debug] 
[debug] [2021-04-15T08:58:15.488Z] >>> [apiv2][query] GET https://firebase-public.firebaseio.com/cli.json [none]
[debug] [2021-04-15T08:58:15.503Z] > command requires scopes: ["email","openid","https://www.googleapis.com/auth/cloudplatformprojects.readonly","https://www.googleapis.com/auth/firebase","https://www.googleapis.com/auth/cloud-platform"]
[debug] [2021-04-15T08:58:15.504Z] > authorizing via signed-in user (khanmuhammadhridoy@gmail.com)
[info] 
     ######## #### ########  ######## ########     ###     ######  ########
     ##        ##  ##     ## ##       ##     ##  ##   ##  ##       ##
     ######    ##  ########  ######   ########  #########  ######  ######
     ##        ##  ##    ##  ##       ##     ## ##     ##       ## ##
     ##       #### ##     ## ######## ########  ##     ##  ######  ########

You're about to initialize a Firebase project in this directory:

  C:\Hridoy\Assignmemt\server

Before we get started, keep in mind:

  * You are currently outside your home directory

[debug] [2021-04-15T08:58:16.411Z] <<< [apiv2][status] GET https://firebase-public.firebaseio.com/cli.json 200
[debug] [2021-04-15T08:58:16.411Z] <<< [apiv2][body] GET https://firebase-public.firebaseio.com/cli.json {"cloudBuildErrorAfter":1594252800000,"cloudBuildWarnAfter":1590019200000,"defaultNode10After":1594252800000,"minVersion":"3.0.5","node8DeploysDisabledAfter":1613390400000,"node8RuntimeDisabledAfter":1615809600000,"node8WarnAfter":1600128000000}
[info] 
=== Project Setup
[info] 
[info] First, let's associate this project directory with a Firebase project.
[info] You can create multiple project aliases by running firebase use --add, 
[info] but for now we'll just set up a default project.
[info] 
